Using pre-set license
Built from '2020.2/staging' branch; Version is '2020.2.6f1 (8a2143876886) revision 9052483'; Using compiler version '192528614'; Build Type 'Release'
OS: 'Windows 10 Pro; OS build 19042.867; Version 2009; 64bit' Language: 'tr' Physical Memory: 8125 MB
BatchMode: 1, IsHumanControllingUs: 0, StartBugReporterOnCrash: 0, Is64bit: 1, IsPro: 0

 COMMAND LINE ARGUMENTS:
C:\Program Files\Unity\Hub\Editor\2020.2.6f1\Editor\Unity.exe
-adb2
-batchMode
-noUpm
-name
AssetImportWorker0
-projectPath
C:/Users/Burak/Desktop/Delta Projects/Game/project/New Unity Project
-logFile
Logs/AssetImportWorker0.log
-srvPort
64087
Successfully changed project path to: C:/Users/Burak/Desktop/Delta Projects/Game/project/New Unity Project
C:/Users/Burak/Desktop/Delta Projects/Game/project/New Unity Project
Using Asset Import Pipeline V2.
Refreshing native plugins compatible for Editor in 43.60 ms, found 1 plugins.
Preloading 0 native plugins for Editor in 0.00 ms.
Initialize engine version: 2020.2.6f1 (8a2143876886)
[Subsystems] Discovering subsystems at path C:/Program Files/Unity/Hub/Editor/2020.2.6f1/Editor/Data/Resources/UnitySubsystems
[Subsystems] Discovering subsystems at path C:/Users/Burak/Desktop/Delta Projects/Game/project/New Unity Project/Assets
GfxDevice: creating device client; threaded=0
Direct3D:
    Version:  Direct3D 11.0 [level 11.1]
    Renderer: NVIDIA GeForce GTX 1650 (ID=0x2188)
    Vendor:   
    VRAM:     3962 MB
    Driver:   27.21.14.6589
Initialize mono
Mono path[0] = 'C:/Program Files/Unity/Hub/Editor/2020.2.6f1/Editor/Data/Managed'
Mono path[1] = 'C:/Program Files/Unity/Hub/Editor/2020.2.6f1/Editor/Data/MonoBleedingEdge/lib/mono/unityjit'
Mono config path = 'C:/Program Files/Unity/Hub/Editor/2020.2.6f1/Editor/Data/MonoBleedingEdge/etc'
Using monoOptions --debugger-agent=transport=dt_socket,embedding=1,server=y,suspend=n,address=127.0.0.1:56076
Begin MonoManager ReloadAssembly
Registering precompiled unity dll's ...
Register platform support module: C:/Program Files/Unity/Hub/Editor/2020.2.6f1/Editor/Data/PlaybackEngines/WindowsStandaloneSupport/UnityEditor.WindowsStandalone.Extensions.dll
Registered in 0.002608 seconds.
Native extension for WindowsStandalone target not found
Refreshing native plugins compatible for Editor in 64.55 ms, found 1 plugins.
Preloading 0 native plugins for Editor in 0.00 ms.
Invoked RoslynAnalysisRunner static constructor.
RoslynAnalysisRunner will not be running.
RoslynAnalysisRunner has terminated.
Mono: successfully reloaded assembly
- Completed reload, in  1.861 seconds
Platform modules already initialized, skipping
Registering precompiled user dll's ...
Registered in 0.001049 seconds.
Begin MonoManager ReloadAssembly
Native extension for WindowsStandalone target not found
Refreshing native plugins compatible for Editor in 66.73 ms, found 1 plugins.
Preloading 0 native plugins for Editor in 0.00 ms.
Invoked RoslynAnalysisRunner static constructor.
RoslynAnalysisRunner will not be running.
RoslynAnalysisRunner has terminated.
Mono: successfully reloaded assembly
- Completed reload, in  1.288 seconds
Platform modules already initialized, skipping
========================================================================
Worker process is ready to serve import requests
Launched and connected shader compiler UnityShaderCompiler.exe after 0.06 seconds
Refreshing native plugins compatible for Editor in 0.65 ms, found 1 plugins.
Preloading 0 native plugins for Editor in 0.00 ms.
Unloading 1803 Unused Serialized files (Serialized files now loaded: 0)
System memory in use before: 84.8 MB.
System memory in use after: 84.8 MB.

Unloading 24 unused Assets to reduce memory usage. Loaded Objects now: 2246.
Total: 3.700700 ms (FindLiveObjects: 0.522700 ms CreateObjectMapping: 0.254600 ms MarkObjects: 2.739000 ms  DeleteObjects: 0.182000 ms)

========================================================================
Received Import Request.
  path: Assets/Scripts/BulletManager.cs
  artifactKey: Guid(753700af16ad61643b18d87080f9fd00) Importer(815301076,1909f56bfc062723c751e8b465ee728b)
Start importing Assets/Scripts/BulletManager.cs using Guid(753700af16ad61643b18d87080f9fd00) Importer(815301076,1909f56bfc062723c751e8b465ee728b)  -> (artifact id: 'ba628c4f7057e2e0ce194f525c4978e8') in 0.033937 seconds
  Import took 0.039088 seconds .

========================================================================
Received Import Request.
  Time since last request: 5.750637 seconds.
  path: Assets/Scripts/CameraManager.cs
  artifactKey: Guid(cca9a598c51cf774cb0f49b4967175bb) Importer(815301076,1909f56bfc062723c751e8b465ee728b)
Start importing Assets/Scripts/CameraManager.cs using Guid(cca9a598c51cf774cb0f49b4967175bb) Importer(815301076,1909f56bfc062723c751e8b465ee728b)  -> (artifact id: '7a892fe2fa065b027bd4262cf431e08f') in 0.009913 seconds
  Import took 0.013939 seconds .

AssetImportWorkerClient::OnTransportError - code=2 error=End of file
